f:\tài liệu học tập\5\phát triển game\gamedev-intro-tutorials-master\04-collision\debug\vc142.pdb
f:\tài liệu học tập\5\phát triển game\gamedev-intro-tutorials-master\04-collision\debug\vc142.idb
f:\tài liệu học tập\5\phát triển game\gamedev-intro-tutorials-master\04-collision\debug\textures.obj
f:\tài liệu học tập\5\phát triển game\gamedev-intro-tutorials-master\04-collision\debug\sprites.obj
f:\tài liệu học tập\5\phát triển game\gamedev-intro-tutorials-master\04-collision\debug\mario.obj
f:\tài liệu học tập\5\phát triển game\gamedev-intro-tutorials-master\04-collision\debug\main.obj
f:\tài liệu học tập\5\phát triển game\gamedev-intro-tutorials-master\04-collision\debug\goomba.obj
f:\tài liệu học tập\5\phát triển game\gamedev-intro-tutorials-master\04-collision\debug\gameobject.obj
f:\tài liệu học tập\5\phát triển game\gamedev-intro-tutorials-master\04-collision\debug\game.obj
f:\tài liệu học tập\5\phát triển game\gamedev-intro-tutorials-master\04-collision\debug\debug.obj
f:\tài liệu học tập\5\phát triển game\gamedev-intro-tutorials-master\04-collision\debug\brick.obj
f:\tài liệu học tập\5\phát triển game\mario-d4b214443595b564fd64442e6f56044a7dfd5ed0\mario\debug\vc142.pdb
f:\tài liệu học tập\5\phát triển game\mario-d4b214443595b564fd64442e6f56044a7dfd5ed0\mario\debug\vc142.idb
f:\tài liệu học tập\5\phát triển game\mario-d4b214443595b564fd64442e6f56044a7dfd5ed0\mario\debug\textures.obj
f:\tài liệu học tập\5\phát triển game\mario-d4b214443595b564fd64442e6f56044a7dfd5ed0\mario\debug\sprites.obj
f:\tài liệu học tập\5\phát triển game\mario-d4b214443595b564fd64442e6f56044a7dfd5ed0\mario\debug\mario.obj
f:\tài liệu học tập\5\phát triển game\mario-d4b214443595b564fd64442e6f56044a7dfd5ed0\mario\debug\main.obj
f:\tài liệu học tập\5\phát triển game\mario-d4b214443595b564fd64442e6f56044a7dfd5ed0\mario\debug\goomba.obj
f:\tài liệu học tập\5\phát triển game\mario-d4b214443595b564fd64442e6f56044a7dfd5ed0\mario\debug\gameobject.obj
f:\tài liệu học tập\5\phát triển game\mario-d4b214443595b564fd64442e6f56044a7dfd5ed0\mario\debug\game.obj
f:\tài liệu học tập\5\phát triển game\mario-d4b214443595b564fd64442e6f56044a7dfd5ed0\mario\debug\debug.obj
f:\tài liệu học tập\5\phát triển game\mario-d4b214443595b564fd64442e6f56044a7dfd5ed0\mario\debug\brick.obj
f:\tài liệu học tập\5\phát triển game\mario-d4b214443595b564fd64442e6f56044a7dfd5ed0\mario\debug\04-collision.exe
f:\tài liệu học tập\5\phát triển game\mario-d4b214443595b564fd64442e6f56044a7dfd5ed0\mario\debug\04-collision.ilk
f:\tài liệu học tập\5\phát triển game\mario-d4b214443595b564fd64442e6f56044a7dfd5ed0\mario\debug\04-collision.pdb
f:\tài liệu học tập\5\phát triển game\gamedev-intro-tutorials-master\04-collision\debug\main.obj.enc
f:\tài liệu học tập\5\phát triển game\gamedev-intro-tutorials-master\04-collision\debug\04-collision.ilk
f:\tài liệu học tập\5\phát triển game\gamedev-intro-tutorials-master\04-collision\debug\04-collision.tlog\cl.command.1.tlog
f:\tài liệu học tập\5\phát triển game\gamedev-intro-tutorials-master\04-collision\debug\04-collision.tlog\cl.read.1.tlog
f:\tài liệu học tập\5\phát triển game\gamedev-intro-tutorials-master\04-collision\debug\04-collision.tlog\cl.write.1.tlog
f:\tài liệu học tập\5\phát triển game\gamedev-intro-tutorials-master\04-collision\debug\04-collision.tlog\link.command.1.tlog
f:\tài liệu học tập\5\phát triển game\gamedev-intro-tutorials-master\04-collision\debug\04-collision.tlog\link.read.1.tlog
f:\tài liệu học tập\5\phát triển game\gamedev-intro-tutorials-master\04-collision\debug\04-collision.tlog\link.write.1.tlog
